<?xml version="1.0" encoding="UTF-8"?>
<!-- Generated by org.testng.reporters.JUnitReportReporter -->
<testsuite skipped="0" hostname="kirans-MacBook-Pro-2.local" name="com.rest.XeroTest.AutomationScripts" tests="1" failures="0" timestamp="20 Dec 2017 01:49:02 GMT" time="374.540" errors="0">
  <testcase name="tests" time="374.540" classname="com.rest.XeroTest.AutomationScripts"/>
</testsuite> <!-- com.rest.XeroTest.AutomationScripts -->
