<?xml version="1.0" encoding="UTF-8"?>
<!-- Generated by org.testng.reporters.JUnitReportReporter -->
<testsuite skipped="0" hostname="kirans-MacBook-Pro-2.local" name="com.rest.Mav_Sele_Project1.DriverTest" tests="1" failures="0" timestamp="19 Dec 2017 03:33:03 GMT" time="9.989" errors="0">
  <testcase name="tests" time="9.989" classname="com.rest.Mav_Sele_Project1.DriverTest"/>
</testsuite> <!-- com.rest.Mav_Sele_Project1.DriverTest -->
