<?xml version="1.0" encoding="UTF-8"?>
<!-- Generated by org.testng.reporters.JUnitReportReporter -->
<testsuite skipped="0" hostname="kirans-MacBook-Pro-2.local" name="com.rest.Mav_Sele_Project1Test.DriverTest" tests="1" failures="0" timestamp="19 Dec 2017 22:57:58 GMT" time="8.657" errors="0">
  <testcase name="tests" time="8.657" classname="com.rest.Mav_Sele_Project1Test.DriverTest"/>
</testsuite> <!-- com.rest.Mav_Sele_Project1Test.DriverTest -->
